Flow report for Instruction_pointer
Mon May 16 09:28:41 2016
Quartus II 64-Bit Version 13.0.1 Build 232 06/12/2013 Service Pack 1 SJ Web Edition


---------------------
; Table of Contents ;
---------------------
  1. Legal Notice
  2. Flow Summary
  3. Flow Settings
  4. Flow Non-Default Global Settings
  5. Flow Elapsed Time
  6. Flow OS Summary
  7. Flow Log
  8. Flow Messages
  9. Flow Suppressed Messages



----------------
; Legal Notice ;
----------------
Copyright (C) 1991-2013 Altera Corporation
Your use of Altera Corporation's design tools, logic functions 
and other software and tools, and its AMPP partner logic 
functions, and any output files from any of the foregoing 
(including device programming or simulation files), and any 
associated documentation or information are expressly subject 
to the terms and conditions of the Altera Program License 
Subscription Agreement, Altera MegaCore Function License 
Agreement, or other applicable license agreement, including, 
without limitation, that your use is for the sole purpose of 
programming logic devices manufactured by Altera and sold by 
Altera or its authorized distributors.  Please refer to the 
applicable agreement for further details.



+--------------------------------------------------------------------------------------+
; Flow Summary                                                                         ;
+------------------------------------+-------------------------------------------------+
; Flow Status                        ; Successful - Mon May 16 09:28:41 2016           ;
; Quartus II 64-Bit Version          ; 13.0.1 Build 232 06/12/2013 SP 1 SJ Web Edition ;
; Revision Name                      ; Instruction_pointer                             ;
; Top-level Entity Name              ; Instruction_pointer                             ;
; Family                             ; Cyclone II                                      ;
; Device                             ; EP2C70F896C6                                    ;
; Timing Models                      ; Final                                           ;
; Total logic elements               ; 45 / 68,416 ( < 1 % )                           ;
;     Total combinational functions  ; 28 / 68,416 ( < 1 % )                           ;
;     Dedicated logic registers      ; 39 / 68,416 ( < 1 % )                           ;
; Total registers                    ; 39                                              ;
; Total pins                         ; 50 / 622 ( 8 % )                                ;
; Total virtual pins                 ; 0                                               ;
; Total memory bits                  ; 0 / 1,152,000 ( 0 % )                           ;
; Embedded Multiplier 9-bit elements ; 0 / 300 ( 0 % )                                 ;
; Total PLLs                         ; 0 / 4 ( 0 % )                                   ;
+------------------------------------+-------------------------------------------------+


+-----------------------------------------+
; Flow Settings                           ;
+-------------------+---------------------+
; Option            ; Setting             ;
+-------------------+---------------------+
; Start date & time ; 05/13/2016 10:26:53 ;
; Main task         ; Compilation         ;
; Revision Name     ; Instruction_pointer ;
+-------------------+---------------------+


+----------------------------------------------------------------------------------------------------------------+
; Flow Non-Default Global Settings                                                                               ;
+-------------------------------------+-------------------------------+---------------+-------------+------------+
; Assignment Name                     ; Value                         ; Default Value ; Entity Name ; Section Id ;
+-------------------------------------+-------------------------------+---------------+-------------+------------+
; COMPILER_SIGNATURE_ID               ; 1095269619163.146315321311076 ; --            ; --          ; --         ;
; MAX_CORE_JUNCTION_TEMP              ; 85                            ; --            ; --          ; --         ;
; MIN_CORE_JUNCTION_TEMP              ; 0                             ; --            ; --          ; --         ;
; PARTITION_COLOR                     ; 16764057                      ; --            ; --          ; Top        ;
; PARTITION_FITTER_PRESERVATION_LEVEL ; PLACEMENT_AND_ROUTING         ; --            ; --          ; Top        ;
; PARTITION_NETLIST_TYPE              ; SOURCE                        ; --            ; --          ; Top        ;
; PROJECT_OUTPUT_DIRECTORY            ; output_files                  ; --            ; --          ; --         ;
+-------------------------------------+-------------------------------+---------------+-------------+------------+


+-------------------------------------------------------------------------------------------------------------------------------+
; Flow Elapsed Time                                                                                                             ;
+---------------------------+--------------+-------------------------+---------------------+------------------------------------+
; Module Name               ; Elapsed Time ; Average Processors Used ; Peak Virtual Memory ; Total CPU Time (on all processors) ;
+---------------------------+--------------+-------------------------+---------------------+------------------------------------+
; Analysis & Synthesis      ; 00:00:02     ; 1.0                     ; 501 MB              ; 00:00:01                           ;
; Fitter                    ; 00:00:10     ; 1.0                     ; 762 MB              ; 00:00:10                           ;
; Assembler                 ; 00:00:04     ; 1.0                     ; 432 MB              ; 00:00:04                           ;
; TimeQuest Timing Analyzer ; 00:00:02     ; 1.0                     ; 403 MB              ; 00:00:01                           ;
; EDA Netlist Writer        ; 00:00:01     ; 1.0                     ; 384 MB              ; 00:00:01                           ;
; EDA Netlist Writer        ; 00:00:02     ; 1.0                     ; 400 MB              ; 00:00:01                           ;
; Total                     ; 00:00:21     ; --                      ; --                  ; 00:00:18                           ;
+---------------------------+--------------+-------------------------+---------------------+------------------------------------+


+----------------------------------------------------------------------------------------+
; Flow OS Summary                                                                        ;
+---------------------------+------------------+-----------+------------+----------------+
; Module Name               ; Machine Hostname ; OS Name   ; OS Version ; Processor type ;
+---------------------------+------------------+-----------+------------+----------------+
; Analysis & Synthesis      ; Rafael           ; Windows 7 ; 6.2        ; x86_64         ;
; Fitter                    ; Rafael           ; Windows 7 ; 6.2        ; x86_64         ;
; Assembler                 ; Rafael           ; Windows 7 ; 6.2        ; x86_64         ;
; TimeQuest Timing Analyzer ; Rafael           ; Windows 7 ; 6.2        ; x86_64         ;
; EDA Netlist Writer        ; Rafael           ; Windows 7 ; 6.2        ; x86_64         ;
; EDA Netlist Writer        ; Rafael           ; Windows 7 ; 6.2        ; x86_64         ;
+---------------------------+------------------+-----------+------------+----------------+


------------
; Flow Log ;
------------
quartus_map --read_settings_files=on --write_settings_files=off Instruction_pointer -c Instruction_pointer
quartus_fit --read_settings_files=off --write_settings_files=off Instruction_pointer -c Instruction_pointer
quartus_asm --read_settings_files=off --write_settings_files=off Instruction_pointer -c Instruction_pointer
quartus_sta Instruction_pointer -c Instruction_pointer
quartus_eda --gen_testbench --check_outputs=on --tool=modelsim_oem --format=verilog Instruction_pointer -c Instruction_pointer --vector_source="C:/Users/sears/Dropbox/Cuarto Semestre/Arquitectura de computadoras/Diseños/Instruction pointer/Instruction_pointer.vwf" --testbench_file=./simulation/qsim/Instruction_pointer.vt
quartus_eda --functional=on --simulation=on --tool=modelsim_oem --format=verilog Instruction_pointer -c Instruction_pointer



